<?xml version="1.0" encoding="UTF-8" ?>
<testsuite tests="7" failures="0" name="TestRouteCalculator" time="0.011" errors="0" skipped="0">
  <properties>
[...]
</properties>
  <testcase classname="TestRouteCalculator" name="testGetRouteWithOneConnection" time="0.009"/>
  <testcase classname="TestRouteCalculator" name="testCalculateDuration" time="0"/>
  <testcase classname="TestRouteCalculator" name="testGetShortestRoute" time="0"/>
  <testcase classname="TestRouteCalculator" name="testReverseRoute" time="0.001"/>
  <testcase classname="TestRouteCalculator" name="testGetRouteOnTheLine" time="0"/>
  <testcase classname="TestRouteCalculator" name="testGetRouteWithTwoConnections" time="0.001"/>
  <testcase classname="TestRouteCalculator" name="testRouteSameStation" time="0"/>
</testsuite>